<?xml version="1.0" encoding="UTF-8"?>
<coverage generated="1554696467246" clover="3.2.0">
  <project timestamp="1554696467246" name="All files">
    <metrics statements="32" coveredstatements="26" conditionals="0" coveredconditionals="0" methods="8" coveredmethods="4" elements="40" coveredelements="30" complexity="0" loc="32" ncloc="32" packages="2" files="3" classes="3"/>
    <package name="config">
      <metrics statements="1" coveredstatements="1" conditionals="0" coveredconditionals="0" methods="0" coveredmethods="0"/>
      <file name="default.js" path="/Users/pmcarlos/Sites/Node/timeclock_hapi/src/config/default.js">
        <metrics statements="1" coveredstatements="1" conditionals="0" coveredconditionals="0" methods="0" coveredmethods="0"/>
        <line num="1" count="1" type="stmt"/>
      </file>
    </package>
    <package name="shift">
      <metrics statements="31" coveredstatements="25" conditionals="0" coveredconditionals="0" methods="8" coveredmethods="4"/>
      <file name="index.js" path="/Users/pmcarlos/Sites/Node/timeclock_hapi/src/shift/index.js">
        <metrics statements="19" coveredstatements="17" conditionals="0" coveredconditionals="0" methods="5" coveredmethods="4"/>
        <line num="1" count="1" type="stmt"/>
        <line num="2" count="1" type="stmt"/>
        <line num="4" count="1" type="stmt"/>
        <line num="6" count="27" type="stmt"/>
        <line num="15" count="0" type="stmt"/>
        <line num="17" count="0" type="stmt"/>
        <line num="23" count="27" type="stmt"/>
        <line num="38" count="6" type="stmt"/>
        <line num="39" count="6" type="stmt"/>
        <line num="41" count="6" type="stmt"/>
        <line num="47" count="6" type="stmt"/>
        <line num="49" count="6" type="stmt"/>
        <line num="55" count="27" type="stmt"/>
        <line num="64" count="5" type="stmt"/>
        <line num="69" count="5" type="stmt"/>
        <line num="73" count="27" type="stmt"/>
        <line num="82" count="5" type="stmt"/>
        <line num="87" count="5" type="stmt"/>
        <line num="93" count="1" type="stmt"/>
      </file>
      <file name="service.js" path="/Users/pmcarlos/Sites/Node/timeclock_hapi/src/shift/service.js">
        <metrics statements="12" coveredstatements="8" conditionals="0" coveredconditionals="0" methods="3" coveredmethods="0"/>
        <line num="1" count="1" type="stmt"/>
        <line num="2" count="1" type="stmt"/>
        <line num="4" count="1" type="stmt"/>
        <line num="18" count="1" type="stmt"/>
        <line num="30" count="1" type="stmt"/>
        <line num="32" count="1" type="stmt"/>
        <line num="34" count="0" type="stmt"/>
        <line num="43" count="1" type="stmt"/>
        <line num="45" count="0" type="stmt"/>
        <line num="51" count="1" type="stmt"/>
        <line num="53" count="0" type="stmt"/>
        <line num="59" count="0" type="stmt"/>
      </file>
    </package>
  </project>
</coverage>
