{"/Users/pmcarlos/Sites/Node/timeclock_hapi/src/config/default.js": {"path":"/Users/pmcarlos/Sites/Node/timeclock_hapi/src/config/default.js","statementMap":{"0":{"start":{"line":1,"column":0},"end":{"line":27,"column":2}}},"fnMap":{},"branchMap":{},"s":{"0":1},"f":{},"b":{},"_coverageSchema":"43e27e138ebf9cfc5966b082cf9a028302ed4184","hash":"0b9ced6b05a7f48661e17e3740c95e17050790ad"}
,"/Users/pmcarlos/Sites/Node/timeclock_hapi/src/shift/index.js": {"path":"/Users/pmcarlos/Sites/Node/timeclock_hapi/src/shift/index.js","statementMap":{"0":{"start":{"line":1,"column":16},"end":{"line":1,"column":36}},"1":{"start":{"line":2,"column":12},"end":{"line":2,"column":26}},"2":{"start":{"line":4,"column":0},"end":{"line":91,"column":2}},"3":{"start":{"line":6,"column":2},"end":{"line":21,"column":5}},"4":{"start":{"line":15,"column":19},"end":{"line":15,"column":42}},"5":{"start":{"line":17,"column":6},"end":{"line":19,"column":9}},"6":{"start":{"line":23,"column":2},"end":{"line":53,"column":5}},"7":{"start":{"line":38,"column":20},"end":{"line":38,"column":41}},"8":{"start":{"line":39,"column":18},"end":{"line":39,"column":37}},"9":{"start":{"line":41,"column":6},"end":{"line":45,"column":9}},"10":{"start":{"line":47,"column":18},"end":{"line":47,"column":75}},"11":{"start":{"line":49,"column":6},"end":{"line":51,"column":19}},"12":{"start":{"line":55,"column":2},"end":{"line":71,"column":5}},"13":{"start":{"line":64,"column":6},"end":{"line":68,"column":9}},"14":{"start":{"line":69,"column":6},"end":{"line":69,"column":34}},"15":{"start":{"line":73,"column":2},"end":{"line":89,"column":5}},"16":{"start":{"line":82,"column":6},"end":{"line":86,"column":9}},"17":{"start":{"line":87,"column":6},"end":{"line":87,"column":34}},"18":{"start":{"line":93,"column":0},"end":{"line":95,"column":2}}},"fnMap":{"0":{"name":"(anonymous_0)","decl":{"start":{"line":4,"column":19},"end":{"line":4,"column":20}},"loc":{"start":{"line":4,"column":31},"end":{"line":91,"column":1}},"line":4},"1":{"name":"(anonymous_1)","decl":{"start":{"line":13,"column":13},"end":{"line":13,"column":14}},"loc":{"start":{"line":13,"column":35},"end":{"line":20,"column":5}},"line":13},"2":{"name":"(anonymous_2)","decl":{"start":{"line":36,"column":13},"end":{"line":36,"column":14}},"loc":{"start":{"line":36,"column":35},"end":{"line":52,"column":5}},"line":36},"3":{"name":"(anonymous_3)","decl":{"start":{"line":62,"column":13},"end":{"line":62,"column":14}},"loc":{"start":{"line":62,"column":35},"end":{"line":70,"column":5}},"line":62},"4":{"name":"(anonymous_4)","decl":{"start":{"line":80,"column":13},"end":{"line":80,"column":14}},"loc":{"start":{"line":80,"column":35},"end":{"line":88,"column":5}},"line":80}},"branchMap":{},"s":{"0":1,"1":1,"2":1,"3":27,"4":0,"5":0,"6":27,"7":6,"8":6,"9":6,"10":6,"11":6,"12":27,"13":5,"14":5,"15":27,"16":5,"17":5,"18":1},"f":{"0":27,"1":0,"2":6,"3":5,"4":5},"b":{},"_coverageSchema":"43e27e138ebf9cfc5966b082cf9a028302ed4184","hash":"b2536796fe45c82f86bb02204ea441498633665e"}
,"/Users/pmcarlos/Sites/Node/timeclock_hapi/src/shift/service.js": {"path":"/Users/pmcarlos/Sites/Node/timeclock_hapi/src/shift/service.js","statementMap":{"0":{"start":{"line":1,"column":15},"end":{"line":1,"column":44}},"1":{"start":{"line":2,"column":18},"end":{"line":2,"column":38}},"2":{"start":{"line":4,"column":18},"end":{"line":16,"column":2}},"3":{"start":{"line":18,"column":14},"end":{"line":28,"column":2}},"4":{"start":{"line":30,"column":0},"end":{"line":30,"column":17}},"5":{"start":{"line":32,"column":0},"end":{"line":41,"column":2}},"6":{"start":{"line":34,"column":2},"end":{"line":39,"column":5}},"7":{"start":{"line":43,"column":0},"end":{"line":49,"column":2}},"8":{"start":{"line":45,"column":2},"end":{"line":47,"column":5}},"9":{"start":{"line":51,"column":0},"end":{"line":63,"column":2}},"10":{"start":{"line":53,"column":16},"end":{"line":57,"column":4}},"11":{"start":{"line":59,"column":2},"end":{"line":62,"column":5}}},"fnMap":{"0":{"name":"(anonymous_0)","decl":{"start":{"line":32,"column":22},"end":{"line":32,"column":23}},"loc":{"start":{"line":32,"column":39},"end":{"line":41,"column":1}},"line":32},"1":{"name":"(anonymous_1)","decl":{"start":{"line":43,"column":25},"end":{"line":43,"column":26}},"loc":{"start":{"line":43,"column":37},"end":{"line":49,"column":1}},"line":43},"2":{"name":"(anonymous_2)","decl":{"start":{"line":51,"column":24},"end":{"line":51,"column":25}},"loc":{"start":{"line":51,"column":41},"end":{"line":63,"column":1}},"line":51}},"branchMap":{},"s":{"0":1,"1":1,"2":1,"3":1,"4":1,"5":1,"6":0,"7":1,"8":0,"9":1,"10":0,"11":0},"f":{"0":0,"1":0,"2":0},"b":{},"_coverageSchema":"43e27e138ebf9cfc5966b082cf9a028302ed4184","hash":"20367ac0bcc49304cf4fdcbea439bfedbf410063"}
}
