TN:
SF:/Users/pmcarlos/Sites/Node/timeclock_hapi/src/config/default.js
FNF:0
FNH:0
DA:1,1
LF:1
LH:1
BRF:0
BRH:0
end_of_record
TN:
SF:/Users/pmcarlos/Sites/Node/timeclock_hapi/src/shift/index.js
FN:4,(anonymous_0)
FN:13,(anonymous_1)
FN:36,(anonymous_2)
FN:62,(anonymous_3)
FN:80,(anonymous_4)
FNF:5
FNH:4
FNDA:27,(anonymous_0)
FNDA:0,(anonymous_1)
FNDA:6,(anonymous_2)
FNDA:5,(anonymous_3)
FNDA:5,(anonymous_4)
DA:1,1
DA:2,1
DA:4,1
DA:6,27
DA:15,0
DA:17,0
DA:23,27
DA:38,6
DA:39,6
DA:41,6
DA:47,6
DA:49,6
DA:55,27
DA:64,5
DA:69,5
DA:73,27
DA:82,5
DA:87,5
DA:93,1
LF:19
LH:17
BRF:0
BRH:0
end_of_record
TN:
SF:/Users/pmcarlos/Sites/Node/timeclock_hapi/src/shift/service.js
FN:32,(anonymous_0)
FN:43,(anonymous_1)
FN:51,(anonymous_2)
FNF:3
FNH:0
FNDA:0,(anonymous_0)
FNDA:0,(anonymous_1)
FNDA:0,(anonymous_2)
DA:1,1
DA:2,1
DA:4,1
DA:18,1
DA:30,1
DA:32,1
DA:34,0
DA:43,1
DA:45,0
DA:51,1
DA:53,0
DA:59,0
LF:12
LH:8
BRF:0
BRH:0
end_of_record
